Started on Mar 5, 2022, 8:35:44 PM
Started by event from 140.82.115.117 ⇒ https://af15-98-3-19-184.ngrok.io:8080/github-webhook/ on Sat Mar 05 20:35:44 EST 2022
Using strategy: Default
[poll] Last Built Revision: Revision 8193b816ab94dbed7ee44d650f6b16fa2f16b3b1 (refs/remotes/origin/test)
Selected Git installation does not exist. Using Default
The recommended git tool is: NONE
No credentials specified
 > git --version # timeout=10
 > git --version # 'git version 2.31.1'
 > git ls-remote -h -- https://github.com/noddyc/MicroProject/ # timeout=10
Found 3 remote heads on https://github.com/noddyc/MicroProject/
[poll] Latest remote head revision on refs/heads/test is: d10c0204eb92453471b85057de989c334e9415da
Using strategy: Default
[poll] Last Built Revision: Revision 410b0679d4cac36ea4677583e0827eeeee5a225a (refs/remotes/origin/tools)
Selected Git installation does not exist. Using Default
The recommended git tool is: NONE
No credentials specified
 > git --version # timeout=10
 > git --version # 'git version 2.31.1'
 > git ls-remote -h -- https://github.com/noddyc/MicroProject # timeout=10
Found 3 remote heads on https://github.com/noddyc/MicroProject
[poll] Latest remote head revision on refs/heads/test is: d10c0204eb92453471b85057de989c334e9415da
Done. Took 0.8 sec
Changes found
