Started on Mar 14, 2022, 5:13:07 PM
Started by event from 140.82.115.84 ⇒ https://0f14-129-21-255-181.ngrok.io:8080/github-webhook/ on Mon Mar 14 17:13:07 EDT 2022
Using strategy: Default
[poll] Last Built Revision: Revision e03942d2b4e10c9cf7effffb6ec59d2a11655ad4 (refs/remotes/origin/master)
Selected Git installation does not exist. Using Default
The recommended git tool is: NONE
No credentials specified
 > git --version # timeout=10
 > git --version # 'git version 2.31.1'
 > git ls-remote -h -- https://github.com/hxk1633/Microservices-Project # timeout=10
Found 3 remote heads on https://github.com/hxk1633/Microservices-Project
[poll] Latest remote head revision on refs/heads/master is: f7d543325f7ca39c92887888d87b029418782c18
Using strategy: Default
[poll] Last Built Revision: Revision e03942d2b4e10c9cf7effffb6ec59d2a11655ad4 (refs/remotes/origin/master)
Selected Git installation does not exist. Using Default
The recommended git tool is: NONE
No credentials specified
 > git --version # timeout=10
 > git --version # 'git version 2.31.1'
 > git ls-remote -h -- https://github.com/hxk1633/Microservices-Project # timeout=10
Found 3 remote heads on https://github.com/hxk1633/Microservices-Project
[poll] Latest remote head revision on refs/heads/master is: f7d543325f7ca39c92887888d87b029418782c18
Using strategy: Default
[poll] Last Built Revision: Revision e03942d2b4e10c9cf7effffb6ec59d2a11655ad4 (refs/remotes/origin/master)
Selected Git installation does not exist. Using Default
The recommended git tool is: NONE
No credentials specified
 > git --version # timeout=10
 > git --version # 'git version 2.31.1'
 > git ls-remote -h -- https://github.com/hxk1633/Microservices-Project # timeout=10
Found 3 remote heads on https://github.com/hxk1633/Microservices-Project
[poll] Latest remote head revision on refs/heads/master is: f7d543325f7ca39c92887888d87b029418782c18
Using strategy: Default
[poll] Last Built Revision: Revision e03942d2b4e10c9cf7effffb6ec59d2a11655ad4 (refs/remotes/origin/master)
Selected Git installation does not exist. Using Default
The recommended git tool is: NONE
No credentials specified
 > git --version # timeout=10
 > git --version # 'git version 2.31.1'
 > git ls-remote -h -- https://github.com/hxk1633/Microservices-Project # timeout=10
Found 3 remote heads on https://github.com/hxk1633/Microservices-Project
[poll] Latest remote head revision on refs/heads/master is: f7d543325f7ca39c92887888d87b029418782c18
Using strategy: Default
[poll] Last Built Revision: Revision e03942d2b4e10c9cf7effffb6ec59d2a11655ad4 (refs/remotes/origin/master)
Selected Git installation does not exist. Using Default
The recommended git tool is: NONE
No credentials specified
 > git --version # timeout=10
 > git --version # 'git version 2.31.1'
 > git ls-remote -h -- https://github.com/hxk1633/Microservices-Project # timeout=10
Found 3 remote heads on https://github.com/hxk1633/Microservices-Project
[poll] Latest remote head revision on refs/heads/master is: f7d543325f7ca39c92887888d87b029418782c18
Using strategy: Default
[poll] Last Built Revision: Revision e03942d2b4e10c9cf7effffb6ec59d2a11655ad4 (refs/remotes/origin/master)
Selected Git installation does not exist. Using Default
The recommended git tool is: NONE
No credentials specified
 > git --version # timeout=10
 > git --version # 'git version 2.31.1'
 > git ls-remote -h -- https://github.com/hxk1633/Microservices-Project # timeout=10
Found 3 remote heads on https://github.com/hxk1633/Microservices-Project
[poll] Latest remote head revision on refs/heads/master is: f7d543325f7ca39c92887888d87b029418782c18
Done. Took 2.7 sec
Changes found
