Started on Mar 4, 2022, 2:00:15 PM
Started by event from 140.82.115.117 ⇒ https://7e84-98-3-19-184.ngrok.io:8080/github-webhook/ on Fri Mar 04 14:00:15 EST 2022
Using strategy: Default
[poll] Last Built Revision: Revision 955f74007b3580d1866da1ceb3f1d6ebc2f152f8 (refs/remotes/origin/test)
Selected Git installation does not exist. Using Default
The recommended git tool is: NONE
No credentials specified
 > git --version # timeout=10
 > git --version # 'git version 2.31.1'
 > git ls-remote -h -- https://github.com/noddyc/MicroProject/ # timeout=10
Found 3 remote heads on https://github.com/noddyc/MicroProject/
[poll] Latest remote head revision on refs/heads/test is: f046571c23a8171e395e5a5d619a2d9523fd8c7d
Using strategy: Default
[poll] Last Built Revision: Revision 410b0679d4cac36ea4677583e0827eeeee5a225a (refs/remotes/origin/tools)
Selected Git installation does not exist. Using Default
The recommended git tool is: NONE
No credentials specified
 > git --version # timeout=10
 > git --version # 'git version 2.31.1'
 > git ls-remote -h -- https://github.com/noddyc/MicroProject # timeout=10
Found 3 remote heads on https://github.com/noddyc/MicroProject
[poll] Latest remote head revision on refs/heads/test is: f046571c23a8171e395e5a5d619a2d9523fd8c7d
Done. Took 0.86 sec
Changes found
