Started on Mar 5, 2022, 8:38:23 PM
Started by event from 140.82.115.102 ⇒ https://af15-98-3-19-184.ngrok.io:8080/github-webhook/ on Sat Mar 05 20:38:23 EST 2022
Using strategy: Default
[poll] Last Built Revision: Revision efe660c885d6edaaf53acb547e21a66734c89aa8 (refs/remotes/origin/test)
Selected Git installation does not exist. Using Default
The recommended git tool is: NONE
No credentials specified
 > git --version # timeout=10
 > git --version # 'git version 2.31.1'
 > git ls-remote -h -- https://github.com/noddyc/MicroProject/ # timeout=10
Found 3 remote heads on https://github.com/noddyc/MicroProject/
[poll] Latest remote head revision on refs/heads/test is: f007a583b8541c310b1b81117800a8af93348bad
Using strategy: Default
[poll] Last Built Revision: Revision 410b0679d4cac36ea4677583e0827eeeee5a225a (refs/remotes/origin/tools)
Selected Git installation does not exist. Using Default
The recommended git tool is: NONE
No credentials specified
 > git --version # timeout=10
 > git --version # 'git version 2.31.1'
 > git ls-remote -h -- https://github.com/noddyc/MicroProject # timeout=10
Found 3 remote heads on https://github.com/noddyc/MicroProject
[poll] Latest remote head revision on refs/heads/test is: f007a583b8541c310b1b81117800a8af93348bad
Done. Took 0.67 sec
Changes found
