Started on Mar 5, 2022, 7:09:34 PM
Started by event from 140.82.115.109 ⇒ https://b77f-98-3-19-184.ngrok.io:8080/github-webhook/ on Sat Mar 05 19:09:33 EST 2022
Using strategy: Default
[poll] Last Built Revision: Revision 3d58c9deb01366a1485901ba6d86f618394a2e80 (refs/remotes/origin/test)
Selected Git installation does not exist. Using Default
The recommended git tool is: NONE
No credentials specified
 > git --version # timeout=10
 > git --version # 'git version 2.31.1'
 > git ls-remote -h -- https://github.com/noddyc/MicroProject/ # timeout=10
Found 3 remote heads on https://github.com/noddyc/MicroProject/
[poll] Latest remote head revision on refs/heads/test is: 3d58c9deb01366a1485901ba6d86f618394a2e80 - already built by 64
Using strategy: Default
[poll] Last Built Revision: Revision 410b0679d4cac36ea4677583e0827eeeee5a225a (refs/remotes/origin/tools)
Selected Git installation does not exist. Using Default
The recommended git tool is: NONE
No credentials specified
 > git --version # timeout=10
 > git --version # 'git version 2.31.1'
 > git ls-remote -h -- https://github.com/noddyc/MicroProject # timeout=10
Found 3 remote heads on https://github.com/noddyc/MicroProject
[poll] Latest remote head revision on refs/heads/test is: 3d58c9deb01366a1485901ba6d86f618394a2e80
Done. Took 1.2 sec
Changes found
