Started on Mar 4, 2022, 1:54:25 PM
Started by event from 140.82.115.153 ⇒ https://7e84-98-3-19-184.ngrok.io:8080/github-webhook/ on Fri Mar 04 13:54:24 EST 2022
Using strategy: Default
[poll] Last Built Revision: Revision d5bf20c8d187a912b7efca7f90d80421d9c6f597 (refs/remotes/origin/test)
Selected Git installation does not exist. Using Default
The recommended git tool is: NONE
No credentials specified
 > git --version # timeout=10
 > git --version # 'git version 2.31.1'
 > git ls-remote -h -- https://github.com/noddyc/MicroProject/ # timeout=10
Found 3 remote heads on https://github.com/noddyc/MicroProject/
[poll] Latest remote head revision on refs/heads/test is: 92bc03dc83f5ca6c382ccf4b694da433bf70fe0e
Using strategy: Default
[poll] Last Built Revision: Revision 410b0679d4cac36ea4677583e0827eeeee5a225a (refs/remotes/origin/tools)
Selected Git installation does not exist. Using Default
The recommended git tool is: NONE
No credentials specified
 > git --version # timeout=10
 > git --version # 'git version 2.31.1'
 > git ls-remote -h -- https://github.com/noddyc/MicroProject # timeout=10
Found 3 remote heads on https://github.com/noddyc/MicroProject
[poll] Latest remote head revision on refs/heads/test is: 92bc03dc83f5ca6c382ccf4b694da433bf70fe0e
Done. Took 0.94 sec
Changes found
