Started on Mar 5, 2022, 8:33:53 PM
Started by event from 140.82.115.248 ⇒ https://af15-98-3-19-184.ngrok.io:8080/github-webhook/ on Sat Mar 05 20:33:53 EST 2022
Using strategy: Default
[poll] Last Built Revision: Revision 96bce34e6fabbde49a1b094e61eceb1b17eafdef (refs/remotes/origin/test)
Selected Git installation does not exist. Using Default
The recommended git tool is: NONE
No credentials specified
 > git --version # timeout=10
 > git --version # 'git version 2.31.1'
 > git ls-remote -h -- https://github.com/noddyc/MicroProject/ # timeout=10
Found 3 remote heads on https://github.com/noddyc/MicroProject/
[poll] Latest remote head revision on refs/heads/test is: 8193b816ab94dbed7ee44d650f6b16fa2f16b3b1
Using strategy: Default
[poll] Last Built Revision: Revision 410b0679d4cac36ea4677583e0827eeeee5a225a (refs/remotes/origin/tools)
Selected Git installation does not exist. Using Default
The recommended git tool is: NONE
No credentials specified
 > git --version # timeout=10
 > git --version # 'git version 2.31.1'
 > git ls-remote -h -- https://github.com/noddyc/MicroProject # timeout=10
Found 3 remote heads on https://github.com/noddyc/MicroProject
[poll] Latest remote head revision on refs/heads/test is: 8193b816ab94dbed7ee44d650f6b16fa2f16b3b1
Done. Took 0.7 sec
Changes found
