Started on Mar 5, 2022, 8:39:32 PM
Started by event from 140.82.115.89 ⇒ https://af15-98-3-19-184.ngrok.io:8080/github-webhook/ on Sat Mar 05 20:39:32 EST 2022
Using strategy: Default
[poll] Last Built Revision: Revision f007a583b8541c310b1b81117800a8af93348bad (refs/remotes/origin/test)
Selected Git installation does not exist. Using Default
The recommended git tool is: NONE
No credentials specified
 > git --version # timeout=10
 > git --version # 'git version 2.31.1'
 > git ls-remote -h -- https://github.com/noddyc/MicroProject/ # timeout=10
Found 3 remote heads on https://github.com/noddyc/MicroProject/
[poll] Latest remote head revision on refs/heads/test is: 4bdce752a17a0009eeab250a6f8ef82ea6a59aed
Using strategy: Default
[poll] Last Built Revision: Revision 410b0679d4cac36ea4677583e0827eeeee5a225a (refs/remotes/origin/tools)
Selected Git installation does not exist. Using Default
The recommended git tool is: NONE
No credentials specified
 > git --version # timeout=10
 > git --version # 'git version 2.31.1'
 > git ls-remote -h -- https://github.com/noddyc/MicroProject # timeout=10
Found 3 remote heads on https://github.com/noddyc/MicroProject
[poll] Latest remote head revision on refs/heads/test is: 4bdce752a17a0009eeab250a6f8ef82ea6a59aed
Done. Took 0.65 sec
Changes found
